<?xml version="1.0" encoding="UTF-8"?>
<testsuites name="jest tests" tests="132" failures="0" errors="0" time="3.913">
  <testsuite name="Button component" errors="0" failures="0" skipped="0" timestamp="2025-04-18T15:14:16" time="0.742" tests="60">
    <testcase classname="Button component renders button with color green, size big, type submit and disabled" name="Button component renders button with color green, size big, type submit and disabled" time="0.045">
    </testcase>
    <testcase classname="Button component renders button with color green, size big, type submit and disabled" name="Button component renders button with color green, size big, type submit and disabled" time="0.005">
    </testcase>
    <testcase classname="Button component renders button with color green, size big, type reset and disabled" name="Button component renders button with color green, size big, type reset and disabled" time="0.005">
    </testcase>
    <testcase classname="Button component renders button with color green, size big, type reset and disabled" name="Button component renders button with color green, size big, type reset and disabled" time="0.005">
    </testcase>
    <testcase classname="Button component renders button with color green, size big, type button and disabled" name="Button component renders button with color green, size big, type button and disabled" time="0.004">
    </testcase>
    <testcase classname="Button component renders button with color green, size big, type button and disabled" name="Button component renders button with color green, size big, type button and disabled" time="0.003">
    </testcase>
    <testcase classname="Button component renders button with color green, size medium, type submit and disabled" name="Button component renders button with color green, size medium, type submit and disabled" time="0.002">
    </testcase>
    <testcase classname="Button component renders button with color green, size medium, type submit and disabled" name="Button component renders button with color green, size medium, type submit and disabled" time="0.003">
    </testcase>
    <testcase classname="Button component renders button with color green, size medium, type reset and disabled" name="Button component renders button with color green, size medium, type reset and disabled" time="0.005">
    </testcase>
    <testcase classname="Button component renders button with color green, size medium, type reset and disabled" name="Button component renders button with color green, size medium, type reset and disabled" time="0.003">
    </testcase>
    <testcase classname="Button component renders button with color green, size medium, type button and disabled" name="Button component renders button with color green, size medium, type button and disabled" time="0.002">
    </testcase>
    <testcase classname="Button component renders button with color green, size medium, type button and disabled" name="Button component renders button with color green, size medium, type button and disabled" time="0.003">
    </testcase>
    <testcase classname="Button component renders button with color green, size small, type submit and disabled" name="Button component renders button with color green, size small, type submit and disabled" time="0.005">
    </testcase>
    <testcase classname="Button component renders button with color green, size small, type submit and disabled" name="Button component renders button with color green, size small, type submit and disabled" time="0.002">
    </testcase>
    <testcase classname="Button component renders button with color green, size small, type reset and disabled" name="Button component renders button with color green, size small, type reset and disabled" time="0.002">
    </testcase>
    <testcase classname="Button component renders button with color green, size small, type reset and disabled" name="Button component renders button with color green, size small, type reset and disabled" time="0.002">
    </testcase>
    <testcase classname="Button component renders button with color green, size small, type button and disabled" name="Button component renders button with color green, size small, type button and disabled" time="0.003">
    </testcase>
    <testcase classname="Button component renders button with color green, size small, type button and disabled" name="Button component renders button with color green, size small, type button and disabled" time="0.003">
    </testcase>
    <testcase classname="Button component renders button with color white, size big, type submit and disabled" name="Button component renders button with color white, size big, type submit and disabled" time="0.002">
    </testcase>
    <testcase classname="Button component renders button with color white, size big, type submit and disabled" name="Button component renders button with color white, size big, type submit and disabled" time="0.002">
    </testcase>
    <testcase classname="Button component renders button with color white, size big, type reset and disabled" name="Button component renders button with color white, size big, type reset and disabled" time="0.002">
    </testcase>
    <testcase classname="Button component renders button with color white, size big, type reset and disabled" name="Button component renders button with color white, size big, type reset and disabled" time="0.003">
    </testcase>
    <testcase classname="Button component renders button with color white, size big, type button and disabled" name="Button component renders button with color white, size big, type button and disabled" time="0.003">
    </testcase>
    <testcase classname="Button component renders button with color white, size big, type button and disabled" name="Button component renders button with color white, size big, type button and disabled" time="0.003">
    </testcase>
    <testcase classname="Button component renders button with color white, size medium, type submit and disabled" name="Button component renders button with color white, size medium, type submit and disabled" time="0.002">
    </testcase>
    <testcase classname="Button component renders button with color white, size medium, type submit and disabled" name="Button component renders button with color white, size medium, type submit and disabled" time="0.002">
    </testcase>
    <testcase classname="Button component renders button with color white, size medium, type reset and disabled" name="Button component renders button with color white, size medium, type reset and disabled" time="0.005">
    </testcase>
    <testcase classname="Button component renders button with color white, size medium, type reset and disabled" name="Button component renders button with color white, size medium, type reset and disabled" time="0.003">
    </testcase>
    <testcase classname="Button component renders button with color white, size medium, type button and disabled" name="Button component renders button with color white, size medium, type button and disabled" time="0.002">
    </testcase>
    <testcase classname="Button component renders button with color white, size medium, type button and disabled" name="Button component renders button with color white, size medium, type button and disabled" time="0.002">
    </testcase>
    <testcase classname="Button component renders button with color white, size small, type submit and disabled" name="Button component renders button with color white, size small, type submit and disabled" time="0.002">
    </testcase>
    <testcase classname="Button component renders button with color white, size small, type submit and disabled" name="Button component renders button with color white, size small, type submit and disabled" time="0.003">
    </testcase>
    <testcase classname="Button component renders button with color white, size small, type reset and disabled" name="Button component renders button with color white, size small, type reset and disabled" time="0.003">
    </testcase>
    <testcase classname="Button component renders button with color white, size small, type reset and disabled" name="Button component renders button with color white, size small, type reset and disabled" time="0.002">
    </testcase>
    <testcase classname="Button component renders button with color white, size small, type button and disabled" name="Button component renders button with color white, size small, type button and disabled" time="0.002">
    </testcase>
    <testcase classname="Button component renders button with color white, size small, type button and disabled" name="Button component renders button with color white, size small, type button and disabled" time="0.002">
    </testcase>
    <testcase classname="Button component renders button with color gray, size big, type submit and disabled" name="Button component renders button with color gray, size big, type submit and disabled" time="0.002">
    </testcase>
    <testcase classname="Button component renders button with color gray, size big, type submit and disabled" name="Button component renders button with color gray, size big, type submit and disabled" time="0.003">
    </testcase>
    <testcase classname="Button component renders button with color gray, size big, type reset and disabled" name="Button component renders button with color gray, size big, type reset and disabled" time="0.002">
    </testcase>
    <testcase classname="Button component renders button with color gray, size big, type reset and disabled" name="Button component renders button with color gray, size big, type reset and disabled" time="0.002">
    </testcase>
    <testcase classname="Button component renders button with color gray, size big, type button and disabled" name="Button component renders button with color gray, size big, type button and disabled" time="0.002">
    </testcase>
    <testcase classname="Button component renders button with color gray, size big, type button and disabled" name="Button component renders button with color gray, size big, type button and disabled" time="0.003">
    </testcase>
    <testcase classname="Button component renders button with color gray, size medium, type submit and disabled" name="Button component renders button with color gray, size medium, type submit and disabled" time="0.001">
    </testcase>
    <testcase classname="Button component renders button with color gray, size medium, type submit and disabled" name="Button component renders button with color gray, size medium, type submit and disabled" time="0.002">
    </testcase>
    <testcase classname="Button component renders button with color gray, size medium, type reset and disabled" name="Button component renders button with color gray, size medium, type reset and disabled" time="0.002">
    </testcase>
    <testcase classname="Button component renders button with color gray, size medium, type reset and disabled" name="Button component renders button with color gray, size medium, type reset and disabled" time="0.002">
    </testcase>
    <testcase classname="Button component renders button with color gray, size medium, type button and disabled" name="Button component renders button with color gray, size medium, type button and disabled" time="0.001">
    </testcase>
    <testcase classname="Button component renders button with color gray, size medium, type button and disabled" name="Button component renders button with color gray, size medium, type button and disabled" time="0.001">
    </testcase>
    <testcase classname="Button component renders button with color gray, size small, type submit and disabled" name="Button component renders button with color gray, size small, type submit and disabled" time="0.001">
    </testcase>
    <testcase classname="Button component renders button with color gray, size small, type submit and disabled" name="Button component renders button with color gray, size small, type submit and disabled" time="0.001">
    </testcase>
    <testcase classname="Button component renders button with color gray, size small, type reset and disabled" name="Button component renders button with color gray, size small, type reset and disabled" time="0.002">
    </testcase>
    <testcase classname="Button component renders button with color gray, size small, type reset and disabled" name="Button component renders button with color gray, size small, type reset and disabled" time="0.002">
    </testcase>
    <testcase classname="Button component renders button with color gray, size small, type button and disabled" name="Button component renders button with color gray, size small, type button and disabled" time="0.002">
    </testcase>
    <testcase classname="Button component renders button with color gray, size small, type button and disabled" name="Button component renders button with color gray, size small, type button and disabled" time="0.001">
    </testcase>
    <testcase classname="Button component changes button text according to the children text" name="Button component changes button text according to the children text" time="0.004">
    </testcase>
    <testcase classname="Button component handles the click event" name="Button component handles the click event" time="0.007">
    </testcase>
    <testcase classname="Button component the onClick event does not fire when button is disabled" name="Button component the onClick event does not fire when button is disabled" time="0.003">
    </testcase>
    <testcase classname="Button component additional classes are not applied if the button is disabled" name="Button component additional classes are not applied if the button is disabled" time="0.002">
    </testcase>
    <testcase classname="Button component button has button-transparent if receive prop isTransparent" name="Button component button has button-transparent if receive prop isTransparent" time="0.003">
    </testcase>
    <testcase classname="Button component button has button-icon if receive prop withIcon" name="Button component button has button-icon if receive prop withIcon" time="0.002">
    </testcase>
  </testsuite>
  <testsuite name="Input component" errors="0" failures="0" skipped="0" timestamp="2025-04-18T15:14:17" time="0.231" tests="11">
    <testcase classname="Input component should input is disabled has an error and input has an error class has a placeholder" name="Input component should input is disabled has an error and input has an error class has a placeholder" time="0.006">
    </testcase>
    <testcase classname="Input component should input is disabled has an error and input has an error class has no placeholder" name="Input component should input is disabled has an error and input has an error class has no placeholder" time="0.002">
    </testcase>
    <testcase classname="Input component should input is disabled has no error has a placeholder" name="Input component should input is disabled has no error has a placeholder" time="0.006">
    </testcase>
    <testcase classname="Input component should input is disabled has no error has no placeholder" name="Input component should input is disabled has no error has no placeholder" time="0.001">
    </testcase>
    <testcase classname="Input component should input is not disabled has an error and input has an error class has a placeholder" name="Input component should input is not disabled has an error and input has an error class has a placeholder" time="0.001">
    </testcase>
    <testcase classname="Input component should input is not disabled has an error and input has an error class has no placeholder" name="Input component should input is not disabled has an error and input has an error class has no placeholder" time="0.001">
    </testcase>
    <testcase classname="Input component should input is not disabled has no error has a placeholder" name="Input component should input is not disabled has no error has a placeholder" time="0.002">
    </testcase>
    <testcase classname="Input component should input is not disabled has no error has no placeholder" name="Input component should input is not disabled has no error has no placeholder" time="0.002">
    </testcase>
    <testcase classname="Input component should input has a value which got in props" name="Input component should input has a value which got in props" time="0.002">
    </testcase>
    <testcase classname="Input component should onChange event updates value correctly" name="Input component should onChange event updates value correctly" time="0.003">
    </testcase>
    <testcase classname="Input component onChange event updates input value correctly when typing" name="Input component onChange event updates input value correctly when typing" time="0.003">
    </testcase>
  </testsuite>
  <testsuite name="Fav Button component" errors="0" failures="0" skipped="0" timestamp="2025-04-18T15:14:17" time="0.283" tests="8">
    <testcase classname="Fav Button component renders button with type transparent and disabled" name="Fav Button component renders button with type transparent and disabled" time="0.015">
    </testcase>
    <testcase classname="Fav Button component renders button with type transparent and disabled" name="Fav Button component renders button with type transparent and disabled" time="0.005">
    </testcase>
    <testcase classname="Fav Button component renders button with type circle and disabled" name="Fav Button component renders button with type circle and disabled" time="0.003">
    </testcase>
    <testcase classname="Fav Button component renders button with type circle and disabled" name="Fav Button component renders button with type circle and disabled" time="0.003">
    </testcase>
    <testcase classname="Fav Button component handles the click event" name="Fav Button component handles the click event" time="0.003">
    </testcase>
    <testcase classname="Fav Button component the onClick event does not fire when button is disabled" name="Fav Button component the onClick event does not fire when button is disabled" time="0.006">
    </testcase>
    <testcase classname="Fav Button component the active state when has prop isFavorite" name="Fav Button component the active state when has prop isFavorite" time="0.002">
    </testcase>
    <testcase classname="Fav Button component renders correct icon based on isFavorite prop" name="Fav Button component renders correct icon based on isFavorite prop" time="0.007">
    </testcase>
  </testsuite>
  <testsuite name="Router Link component" errors="0" failures="0" skipped="0" timestamp="2025-04-18T15:14:17" time="0.204" tests="7">
    <testcase classname="Router Link component renders links with green color" name="Router Link component renders links with green color" time="0.004">
    </testcase>
    <testcase classname="Router Link component renders links with gray color" name="Router Link component renders links with gray color" time="0.002">
    </testcase>
    <testcase classname="Router Link component renders links with dark color" name="Router Link component renders links with dark color" time="0.001">
    </testcase>
    <testcase classname="Router Link component renders links with lightgray color" name="Router Link component renders links with lightgray color" time="0.001">
    </testcase>
    <testcase classname="Router Link component applies &quot;link-icon&quot; class when withIcon is true" name="Router Link component applies &quot;link-icon&quot; class when withIcon is true" time="0.002">
    </testcase>
    <testcase classname="Router Link component renders an external link when &quot;href&quot; is provided" name="Router Link component renders an external link when &quot;href&quot; is provided" time="0.002">
    </testcase>
    <testcase classname="Router Link component renders an internal link when &quot;to&quot; is provided" name="Router Link component renders an internal link when &quot;to&quot; is provided" time="0.005">
    </testcase>
  </testsuite>
  <testsuite name="Checkbox component" errors="0" failures="0" skipped="0" timestamp="2025-04-18T15:14:18" time="0.326" tests="9">
    <testcase classname="Checkbox component renders checkbox is disabled, is checked, has an error and input has an error class" name="Checkbox component renders checkbox is disabled, is checked, has an error and input has an error class" time="0.009">
    </testcase>
    <testcase classname="Checkbox component renders checkbox is disabled, is checked, has no error" name="Checkbox component renders checkbox is disabled, is checked, has no error" time="0.003">
    </testcase>
    <testcase classname="Checkbox component renders checkbox is disabled, is not checked, has an error and input has an error class" name="Checkbox component renders checkbox is disabled, is not checked, has an error and input has an error class" time="0.005">
    </testcase>
    <testcase classname="Checkbox component renders checkbox is disabled, is not checked, has no error" name="Checkbox component renders checkbox is disabled, is not checked, has no error" time="0.016">
    </testcase>
    <testcase classname="Checkbox component renders checkbox is not disabled, is checked, has an error and input has an error class" name="Checkbox component renders checkbox is not disabled, is checked, has an error and input has an error class" time="0.011">
    </testcase>
    <testcase classname="Checkbox component renders checkbox is not disabled, is checked, has no error" name="Checkbox component renders checkbox is not disabled, is checked, has no error" time="0.008">
    </testcase>
    <testcase classname="Checkbox component renders checkbox is not disabled, is not checked, has an error and input has an error class" name="Checkbox component renders checkbox is not disabled, is not checked, has an error and input has an error class" time="0.005">
    </testcase>
    <testcase classname="Checkbox component renders checkbox is not disabled, is not checked, has no error" name="Checkbox component renders checkbox is not disabled, is not checked, has no error" time="0.004">
    </testcase>
    <testcase classname="Checkbox component onChange event changed checked when user clicks on checkbox" name="Checkbox component onChange event changed checked when user clicks on checkbox" time="0.005">
    </testcase>
  </testsuite>
  <testsuite name="ButtonWithIcon component" errors="0" failures="0" skipped="0" timestamp="2025-04-18T15:14:18" time="0.197" tests="4">
    <testcase classname="ButtonWithIcon component renders component correctly" name="ButtonWithIcon component renders component correctly" time="0.004">
    </testcase>
    <testcase classname="ButtonWithIcon component renders LeftIcon when provided" name="ButtonWithIcon component renders LeftIcon when provided" time="0.002">
    </testcase>
    <testcase classname="ButtonWithIcon component renders RightIcon when provided" name="ButtonWithIcon component renders RightIcon when provided" time="0.002">
    </testcase>
    <testcase classname="ButtonWithIcon component renders both LeftIcon and RightIcon when provided" name="ButtonWithIcon component renders both LeftIcon and RightIcon when provided" time="0.002">
    </testcase>
  </testsuite>
  <testsuite name="Field Component" errors="0" failures="0" skipped="0" timestamp="2025-04-18T15:14:18" time="0.207" tests="8">
    <testcase classname="Field Component render field component with error - Some error, with label - Email, with id - email" name="Field Component render field component with error - Some error, with label - Email, with id - email" time="0.008">
    </testcase>
    <testcase classname="Field Component render field component with error - Some error, with label - Email, without id" name="Field Component render field component with error - Some error, with label - Email, without id" time="0.003">
    </testcase>
    <testcase classname="Field Component render field component without error, with label - Email, with id - email" name="Field Component render field component without error, with label - Email, with id - email" time="0.003">
    </testcase>
    <testcase classname="Field Component render field component without error, with label - Email, without id" name="Field Component render field component without error, with label - Email, without id" time="0.004">
    </testcase>
    <testcase classname="Field Component render field component with error - Some error, without label, with id - email" name="Field Component render field component with error - Some error, without label, with id - email" time="0.002">
    </testcase>
    <testcase classname="Field Component render field component with error - Some error, without label, without id" name="Field Component render field component with error - Some error, without label, without id" time="0.003">
    </testcase>
    <testcase classname="Field Component render field component without error, without label, with id - email" name="Field Component render field component without error, without label, with id - email" time="0.002">
    </testcase>
    <testcase classname="Field Component render field component without error, without label, without id" name="Field Component render field component without error, without label, without id" time="0.003">
    </testcase>
  </testsuite>
  <testsuite name="LinkWithIcon component" errors="0" failures="0" skipped="0" timestamp="2025-04-18T15:14:18" time="0.199" tests="4">
    <testcase classname="LinkWithIcon component renders component correctly" name="LinkWithIcon component renders component correctly" time="0.003">
    </testcase>
    <testcase classname="LinkWithIcon component renders LeftIcon when provided" name="LinkWithIcon component renders LeftIcon when provided" time="0.002">
    </testcase>
    <testcase classname="LinkWithIcon component renders RightIcon when provided" name="LinkWithIcon component renders RightIcon when provided" time="0.001">
    </testcase>
    <testcase classname="LinkWithIcon component renders both LeftIcon and RightIcon when provided" name="LinkWithIcon component renders both LeftIcon and RightIcon when provided" time="0.009">
    </testcase>
  </testsuite>
  <testsuite name="SliderComponent Navigate component" errors="0" failures="0" skipped="0" timestamp="2025-04-18T15:14:19" time="0.176" tests="4">
    <testcase classname="SliderComponent Navigate component renders correctly" name="SliderComponent Navigate component renders correctly" time="0.01">
    </testcase>
    <testcase classname="SliderComponent Navigate component renders no buttons if NAVIGATE_BUTTON_PLACEMENT is empty" name="SliderComponent Navigate component renders no buttons if NAVIGATE_BUTTON_PLACEMENT is empty" time="0.002">
    </testcase>
    <testcase classname="Navigate Button component renders correctly with left placement" name="Navigate Button component renders correctly with left placement" time="0.002">
    </testcase>
    <testcase classname="Navigate Button component renders correctly with right placement" name="Navigate Button component renders correctly with right placement" time="0.002">
    </testcase>
  </testsuite>
  <testsuite name="NavLink component" errors="0" failures="0" skipped="0" timestamp="2025-04-18T15:14:19" time="0.154" tests="3">
    <testcase classname="NavLink component renders correctly with given children" name="NavLink component renders correctly with given children" time="0.004">
    </testcase>
    <testcase classname="NavLink component applies &apos;link-active&apos; class when the link is active" name="NavLink component applies &apos;link-active&apos; class when the link is active" time="0.004">
    </testcase>
    <testcase classname="NavLink component does not apply &apos;link-active&apos; class when the link is not active" name="NavLink component does not apply &apos;link-active&apos; class when the link is not active" time="0.002">
    </testcase>
  </testsuite>
  <testsuite name="Category component" errors="0" failures="0" skipped="0" timestamp="2025-04-18T15:14:19" time="0.141" tests="3">
    <testcase classname="Category component renders category with guides-category" name="Category component renders category with guides-category" time="0.003">
    </testcase>
    <testcase classname="Category component renders category with reviews-category" name="Category component renders category with reviews-category" time="0.001">
    </testcase>
    <testcase classname="Category component renders category with news-category" name="Category component renders category with news-category" time="0.001">
    </testcase>
  </testsuite>
  <testsuite name="Select Component" errors="0" failures="0" skipped="0" timestamp="2025-04-18T15:14:19" time="0.182" tests="11">
    <testcase classname="Select Component should input is disabled has a placeholder" name="Select Component should input is disabled has a placeholder" time="0.006">
    </testcase>
    <testcase classname="Select Component should input is disabled has no placeholder" name="Select Component should input is disabled has no placeholder" time="0.002">
    </testcase>
    <testcase classname="Select Component should input is not disabled has a placeholder" name="Select Component should input is not disabled has a placeholder" time="0.002">
    </testcase>
    <testcase classname="Select Component should input is not disabled has no placeholder" name="Select Component should input is not disabled has no placeholder" time="0.003">
    </testcase>
    <testcase classname="Select Component calls onChange and handleSelect when input changes" name="Select Component calls onChange and handleSelect when input changes" time="0.003">
    </testcase>
    <testcase classname="Select Component calls onClick when block is clicked" name="Select Component calls onClick when block is clicked" time="0.005">
    </testcase>
    <testcase classname="Select Component filters options when hasSearch is true and value is typed" name="Select Component filters options when hasSearch is true and value is typed" time="0.003">
    </testcase>
    <testcase classname="Select Component does not render list if search yields no match" name="Select Component does not render list if search yields no match" time="0.006">
    </testcase>
    <testcase classname="Select Component closes list on outside click" name="Select Component closes list on outside click" time="0.003">
    </testcase>
    <testcase classname="Select Component displays the provided value in the input and highlights the corresponding option" name="Select Component displays the provided value in the input and highlights the corresponding option" time="0.004">
    </testcase>
    <testcase classname="Select Component opens the select when typing in the input" name="Select Component opens the select when typing in the input" time="0.003">
    </testcase>
  </testsuite>
</testsuites>